<?xml version="1.0" encoding="UTF-8"?>
<!-- Generated by org.testng.reporters.JUnitReportReporter -->
<testsuite skipped="0" hostname="P11-AS-2XXZXC2" name="Testcases.TestSuitTransactionDashboard" tests="10" failures="0" timestamp="23 Jul 2020 09:42:59 GMT" time="499.015" errors="1">
  <testcase name="testChrome" time="9.285" classname="Testcases.TestSuitTransactionDashboard"/>
  <testcase name="loginToRA" time="9.012" classname="Testcases.TestSuitTransactionDashboard"/>
  <testcase name="switchTenant1" time="5.758" classname="Testcases.TestSuitTransactionDashboard"/>
  <testcase name="modelnameSearchTransactionDashboard" time="56.962" classname="Testcases.TestSuitTransactionDashboard"/>
  <testcase name="transactionTypeSearchTransactionDashboard1" time="20.335" classname="Testcases.TestSuitTransactionDashboard"/>
  <testcase name="transactionStatusSearchTransactionDashboard1" time="35.202" classname="Testcases.TestSuitTransactionDashboard"/>
  <testcase name="tenantTransactionIDSearchTransactionDashboard1" time="18.501" classname="Testcases.TestSuitTransactionDashboard"/>
  <testcase name="RATransactionIdSearchTransactionDashboard1" time="21.086" classname="Testcases.TestSuitTransactionDashboard"/>
  <testcase name="downloadFilesFromActionColumn1" time="231.783" classname="Testcases.TestSuitTransactionDashboard"/>
  <testcase name="downloadFilesFromButton1" time="91.091" classname="Testcases.TestSuitTransactionDashboard">
    <error type="org.openqa.selenium.ElementClickInterceptedException" message="element click intercepted: Element &lt;button id=&quot;TransactionDashboard_search&quot; type=&quot;button&quot; class=&quot;btn btn-primary&quot; ng-click=&quot;downloadSelectedItems()&quot;&gt;...&lt;/button&gt; is not clickable at point (347, 645). Other element would receive the click: &lt;span style=&quot;font-style: inherit;font-weight: 600;color: #B8C7CE;font-size: 14px;&quot; class=&quot;pull-left&quot;&gt;...&lt;/span&gt;
  (Session info: chrome=84.0.4147.89)
Build info: version: &#039;3.141.5&#039;, revision: &#039;d54ebd709a&#039;, time: &#039;2018-11-06T11:42:16&#039;
System info: host: &#039;P11-AS-2XXZXC2&#039;, ip: &#039;10.1.33.85&#039;, os.name: &#039;Windows 10&#039;, os.arch: &#039;amd64&#039;, os.version: &#039;10.0&#039;, java.version: &#039;1.8.0_222-2-ojdkbuild&#039;
Driver info: org.openqa.selenium.chrome.ChromeDriver
Capabilities {acceptInsecureCerts: false, browserName: chrome, browserVersion: 84.0.4147.89, chrome: {chromedriverVersion: 83.0.4103.39 (ccbf011cb2d2b..., userDataDir: C:\Users\padhisub\AppData\L...}, goog:chromeOptions: {debuggerAddress: localhost:56722}, javascriptEnabled: true, networkConnectionEnabled: false, pageLoadStrategy: normal, platform: WINDOWS, platformName: WINDOWS, proxy: Proxy(), setWindowRect: true, strictFileInteractability: false, timeouts: {implicit: 0, pageLoad: 300000, script: 30000}, unhandledPromptBehavior: dismiss and notify, webauthn:virtualAuthenticators: true}
Session ID: a4c546e8bb7e631d6e5f91c22ac6a22c">
      <![CDATA[org.openqa.selenium.ElementClickInterceptedException: element click intercepted: Element <button id="TransactionDashboard_search" type="button" class="btn btn-primary" ng-click="downloadSelectedItems()">...</button> is not clickable at point (347, 645). Other element would receive the click: <span style="font-style: inherit;font-weight: 600;color: #B8C7CE;font-size: 14px;" class="pull-left">...</span>
  (Session info: chrome=84.0.4147.89)
Build info: version: '3.141.5', revision: 'd54ebd709a', time: '2018-11-06T11:42:16'
System info: host: 'P11-AS-2XXZXC2', ip: '10.1.33.85', os.name: 'Windows 10', os.arch: 'amd64', os.version: '10.0', java.version: '1.8.0_222-2-ojdkbuild'
Driver info: org.openqa.selenium.chrome.ChromeDriver
Capabilities {acceptInsecureCerts: false, browserName: chrome, browserVersion: 84.0.4147.89, chrome: {chromedriverVersion: 83.0.4103.39 (ccbf011cb2d2b..., userDataDir: C:\Users\padhisub\AppData\L...}, goog:chromeOptions: {debuggerAddress: localhost:56722}, javascriptEnabled: true, networkConnectionEnabled: false, pageLoadStrategy: normal, platform: WINDOWS, platformName: WINDOWS, proxy: Proxy(), setWindowRect: true, strictFileInteractability: false, timeouts: {implicit: 0, pageLoad: 300000, script: 30000}, unhandledPromptBehavior: dismiss and notify, webauthn:virtualAuthenticators: true}
Session ID: a4c546e8bb7e631d6e5f91c22ac6a22c
at sun.reflect.NativeConstructorAccessorImpl.newInstance0(Native Method)
at sun.reflect.NativeConstructorAccessorImpl.newInstance(NativeConstructorAccessorImpl.java:62)
at sun.reflect.DelegatingConstructorAccessorImpl.newInstance(DelegatingConstructorAccessorImpl.java:45)
at java.lang.reflect.Constructor.newInstance(Constructor.java:423)
at org.openqa.selenium.remote.http.W3CHttpResponseCodec.createException(W3CHttpResponseCodec.java:187)
at org.openqa.selenium.remote.http.W3CHttpResponseCodec.decode(W3CHttpResponseCodec.java:122)
at org.openqa.selenium.remote.http.W3CHttpResponseCodec.decode(W3CHttpResponseCodec.java:49)
at org.openqa.selenium.remote.HttpCommandExecutor.execute(HttpCommandExecutor.java:158)
at org.openqa.selenium.remote.service.DriverCommandExecutor.execute(DriverCommandExecutor.java:83)
at org.openqa.selenium.remote.RemoteWebDriver.execute(RemoteWebDriver.java:552)
at org.openqa.selenium.remote.RemoteWebElement.execute(RemoteWebElement.java:285)
at org.openqa.selenium.remote.RemoteWebElement.click(RemoteWebElement.java:84)
at Testcases.TransactionDashboard.downloadFilesFromButton(TransactionDashboard.java:346)
at Testcases.TestSuitTransactionDashboard.downloadFilesFromButton1(TestSuitTransactionDashboard.java:104)
at sun.reflect.NativeMethodAccessorImpl.invoke0(Native Method)
at sun.reflect.NativeMethodAccessorImpl.invoke(NativeMethodAccessorImpl.java:62)
at sun.reflect.DelegatingMethodAccessorImpl.invoke(DelegatingMethodAccessorImpl.java:43)
at java.lang.reflect.Method.invoke(Method.java:498)
at org.testng.internal.MethodInvocationHelper.invokeMethod(MethodInvocationHelper.java:124)
at org.testng.internal.Invoker.invokeMethod(Invoker.java:583)
at org.testng.internal.Invoker.invokeTestMethod(Invoker.java:719)
at org.testng.internal.Invoker.invokeTestMethods(Invoker.java:989)
at org.testng.internal.TestMethodWorker.invokeTestMethods(TestMethodWorker.java:125)
at org.testng.internal.TestMethodWorker.run(TestMethodWorker.java:109)
at org.testng.TestRunner.privateRun(TestRunner.java:648)
at org.testng.TestRunner.run(TestRunner.java:505)
at org.testng.SuiteRunner.runTest(SuiteRunner.java:455)
at org.testng.SuiteRunner.runSequentially(SuiteRunner.java:450)
at org.testng.SuiteRunner.privateRun(SuiteRunner.java:415)
at org.testng.SuiteRunner.run(SuiteRunner.java:364)
at org.testng.SuiteRunnerWorker.runSuite(SuiteRunnerWorker.java:52)
at org.testng.SuiteRunnerWorker.run(SuiteRunnerWorker.java:84)
at org.testng.TestNG.runSuitesSequentially(TestNG.java:1208)
at org.testng.TestNG.runSuitesLocally(TestNG.java:1137)
at org.testng.TestNG.runSuites(TestNG.java:1049)
at org.testng.TestNG.run(TestNG.java:1017)
at org.testng.remote.AbstractRemoteTestNG.run(AbstractRemoteTestNG.java:114)
at org.testng.remote.RemoteTestNG.initAndRun(RemoteTestNG.java:251)
at org.testng.remote.RemoteTestNG.main(RemoteTestNG.java:77)
]]>
    </error>
  </testcase> <!-- downloadFilesFromButton1 -->
</testsuite> <!-- Testcases.TestSuitTransactionDashboard -->
